<?xml version="1.0" encoding="UTF-8"?>
<testsuite xmlns:xsi="http://www.w3.org/2001/XMLSchema-instance" xsi:noNamespaceSchemaLocation="https://maven.apache.org/surefire/maven-surefire-plugin/xsd/surefire-test-report.xsd" name="node.NodeTest" time="0.001" tests="13" errors="0" skipped="0" failures="0">
  <properties>
[...]
</properties>
  <testcase name="nodeInsertNextTest1" classname="node.NodeTest" time="0"/>
  <testcase name="nodeInsertNextTest2" classname="node.NodeTest" time="0"/>
  <testcase name="nodeInsertNextTest3" classname="node.NodeTest" time="0"/>
  <testcase name="nodeInsertNextTest4" classname="node.NodeTest" time="0"/>
  <testcase name="nodeInsertPrevTest1" classname="node.NodeTest" time="0"/>
  <testcase name="nodeInsertPrevTest2" classname="node.NodeTest" time="0"/>
  <testcase name="nodeInsertPrevTest3" classname="node.NodeTest" time="0"/>
  <testcase name="nodeInsertPrevTest4" classname="node.NodeTest" time="0"/>
  <testcase name="nodeToStringTest" classname="node.NodeTest" time="0"/>
  <testcase name="nodeConstructorTest" classname="node.NodeTest" time="0"/>
  <testcase name="printNodesTest1" classname="node.NodeTest" time="0"/>
  <testcase name="printNodesTest2" classname="node.NodeTest" time="0"/>
  <testcase name="printNodesTest3" classname="node.NodeTest" time="0"/>
</testsuite>